openCV401/build/intermediates/manifest_merge_blame_file/debug/manifest-merger-blame-debug-report.txt
1<?xml version="1.0" encoding="utf-8"?>
2<manifest xmlns:android="http://schemas.android.com/apk/res/android"
3    package="org.opencv"
4    android:versionCode="2"
5    android:versionName="1.0_fork2" >
6
7    <uses-sdk
8        android:minSdkVersion="18"
8-->CodedBrailleBlockforAndroid/openCV401/AndroidManifest.xml
9        android:targetSdkVersion="23" />
9-->CodedBrailleBlockforAndroid/openCV401/AndroidManifest.xml
10
11</manifest>